<?xml version="1.0" encoding="UTF-8"?>
<!-- Generated by org.testng.reporters.JUnitReportReporter -->
<testsuite hostname="Anujg" name="JavaFramework.test1" tests="1" failures="0" timestamp="11 May 2019 20:40:26 GMT" time="12.804" errors="0">
  <testcase name="firstTest" time="12.804" classname="JavaFramework.test1"/>
</testsuite> <!-- JavaFramework.test1 -->
