<?xml version="1.0" encoding="UTF-8"?>
<!-- Generated by org.testng.reporters.JUnitReportReporter -->
<testsuite hostname="Anujg-PC" name="JavaFramework.ExcelDataTest.ExcelDataTest" tests="1" failures="0" timestamp="16 May 2020 20:37:58 GMT" time="1.215" errors="0">
  <testcase name="testLogin" time="1.215" classname="JavaFramework.ExcelDataTest.ExcelDataTest"/>
</testsuite> <!-- JavaFramework.ExcelDataTest.ExcelDataTest -->
