<?xml version="1.0" encoding="UTF-8"?>
<!-- Generated by org.testng.reporters.JUnitReportReporter -->
<testsuite hostname="Anujg" name="JavaFramework.snapdealScenarioTest" tests="1" failures="0" timestamp="26 May 2019 19:50:24 GMT" time="6.399" errors="0">
  <testcase name="testPriceSlider" time="6.399" classname="JavaFramework.snapdealScenarioTest"/>
</testsuite> <!-- JavaFramework.snapdealScenarioTest -->
