<?xml version="1.0" encoding="UTF-8"?>
<!-- Generated by org.testng.reporters.JUnitReportReporter -->
<testsuite hostname="Anujg-PC" name="JavaFramework.ExcelDataTest.ExcelDataTest" tests="1" failures="0" timestamp="16 May 2020 15:15:57 GMT" time="0.763" errors="0">
  <testcase name="testLogin" time="0.763" classname="JavaFramework.ExcelDataTest.ExcelDataTest"/>
</testsuite> <!-- JavaFramework.ExcelDataTest.ExcelDataTest -->
