<?xml version="1.0" encoding="UTF-8"?>
<!-- Generated by org.testng.reporters.JUnitReportReporter -->
<testsuite hostname="Anujg-PC" name="JavaFramework.snapdealScenarioTest" tests="1" failures="0" timestamp="26 Apr 2020 10:39:08 GMT" time="0.002" errors="0">
  <testcase name="testPriceSlider" time="0.002" classname="JavaFramework.snapdealScenarioTest"/>
</testsuite> <!-- JavaFramework.snapdealScenarioTest -->
