<?xml version="1.0" encoding="UTF-8"?>
<!-- Generated by org.testng.reporters.JUnitReportReporter -->
<testsuite hostname="Anujg-PC" name="JavaFramework.SnapdealTests.snapdealScenarioTest" tests="1" failures="0" timestamp="14 May 2020 23:01:13 GMT" time="4.475" errors="0">
  <testcase name="testPriceSlider" time="4.475" classname="JavaFramework.SnapdealTests.snapdealScenarioTest"/>
</testsuite> <!-- JavaFramework.SnapdealTests.snapdealScenarioTest -->
