<?xml version="1.0" encoding="UTF-8"?>
<!-- Generated by org.testng.reporters.JUnitReportReporter -->
<testsuite hostname="Anujg" name="JavaFramework.snapdealScenarioTest" tests="1" failures="0" timestamp="1 Jun 2019 10:43:28 GMT" time="9.500" errors="0">
  <testcase name="testPriceSlider" time="9.500" classname="JavaFramework.snapdealScenarioTest"/>
</testsuite> <!-- JavaFramework.snapdealScenarioTest -->
